### ISSUE TITLE
iced wgpu 0.7 ios segfault

### ISSUE THREAD

**Issue by aentity** [hecrj/iced#873]
i get segfault (BAD_ACCESS) on ios, from iced 0.4 and wgpu 0.7.

Here is backtrace:
```
 thread #1, queue = 'com.apple.main-thread', stop reason = EXC_BAD_ACCESS (code=1, address=0x1f8)
    frame #0: 0x00000001eaee2b24 AGXMetalA11`___lldb_unnamed_symbol1414$$AGXMetalA11 + 116
    frame #1: 0x00000001066fcd3c libMTLCapture.dylib`___lldb_unnamed_symbol1100$$libMTLCapture.dylib + 368
  * frame #2: 0x000000010584fde4 _project`metal::encoder::BlitCommandEncoderRef::copy_from_texture::h5824e7afc11e4610 + 208
    frame #3: 0x000000010556e1dc _project`gfx_backend_metal::command::exec_blit::h4328d728e7094190 + 304
    frame #4: 0x0000000105567944 _project`_$LT$gfx_backend_metal..command..CommandBuffer$u20$as$u20$gfx_hal..command..CommandBuffer$LT$gfx_backend_metal..Backend$GT$$GT$::copy_image::hb904d4f72a9ac24f + 5628
    frame #5: 0x0000000105555238 _project`wgpu_core::command::transfer::_$LT$impl$u20$wgpu_core..hub..Global$LT$G$GT$$GT$::command_encoder_copy_texture_to_texture::heb9f43b935a95efb + 2740
    frame #6: 0x0000000105590544 _project`_$LT$wgpu..backend..direct..Context$u20$as$u20$wgpu..Context$GT$::command_encoder_copy_texture_to_texture::h1477622bdc11f8b1 + 140
    frame #7: 0x00000001055c9c58 _project`wgpu::CommandEncoder::copy_texture_to_texture::hc0fb2fcf4174fc73 + 80
    frame #8: 0x00000001051fd0dc _project`iced_wgpu::image::atlas::Atlas::upload::hb922b0261168f37c + 360
    frame #9: 0x0000000105211a18 _project`iced_wgpu::image::vector::Cache::upload::ha38eb25b2ce4e4b6 + 460
    frame #10: 0x00000001051cca58 _project`iced_wgpu::image::Pipeline::draw::h9bdbb361f76701d3 + 236
    frame #11: 0x000000010521d728 _project`iced_wgpu::backend::Backend::flush::h04c3d472f5369562 + 428
    frame #12: 0x0000000105125408 _project`iced_wgpu::backend::Backend::draw::h2668dcbb49aeea70 + 476
```

I think it comes from iced graphics canvas drawing (i draw on canvas every frame); not always consistent.

here is some more, maybe not helpful:

```
General Purpose Registers:
        x0 = 0x0000000280ea3360
        x1 = 0x0000000000000058
        x2 = 0x0000000107849710
        x3 = 0x0000000000000000
        x4 = 0x0000000000000000
        x5 = 0x000000016b155170
        x6 = 0x000000016b155150
        x7 = 0x0000000000000000
        x8 = 0x0000000000000001
        x9 = 0x00000000000001f8
       x10 = 0x00000002804c6400
       x11 = 0x00070002804c6400
       x12 = 0x00000002804c6420
       x13 = 0x0000000107824e60
       x14 = 0x0000000000000000
       x15 = 0x00000001fb2a5cb0  (void *)0x00000001fb2a5cd8
       x16 = 0x00000001fb2a5cb0  (void *)0x00000001fb2a5cd8
       x17 = 0x00000001eaee2ab0  AGXMetalA11`___lldb_unnamed_symbol1414$$AGXMetalA11
       x18 = 0x0000000000000000
       x19 = 0x0000000283f31240
       x20 = 0x0000000000000000
       x21 = 0x0000000000000000
       x22 = 0x000000016b155240
       x23 = 0x000000016b155260
       x24 = 0x0000000000000000
       x25 = 0x000000013083ae00
       x26 = 0x0000000280ea3360
       x27 = 0x0000000000000000
       x28 = 0x0000000107849710
        fp = 0x000000016b1550d0
        lr = 0x00000001066fcd3c  libMTLCapture.dylib`___lldb_unnamed_symbol1100$$libMTLCapture.dylib + 368
        sp = 0x000000016b154f90
        pc = 0x00000001eaee2b24  AGXMetalA11`___lldb_unnamed_symbol1414$$AGXMetalA11 + 116
      cpsr = 0x60000000


AGXMetalA11`___lldb_unnamed_symbol1414$$AGXMetalA11:
    0x1eaee2ab0 <+0>:   sub    sp, sp, #0x150            ; =0x150 
    0x1eaee2ab4 <+4>:   stp    x28, x27, [sp, #0xf0]
    0x1eaee2ab8 <+8>:   stp    x26, x25, [sp, #0x100]
    0x1eaee2abc <+12>:  stp    x24, x23, [sp, #0x110]
    0x1eaee2ac0 <+16>:  stp    x22, x21, [sp, #0x120]
    0x1eaee2ac4 <+20>:  stp    x20, x19, [sp, #0x130]
    0x1eaee2ac8 <+24>:  stp    x29, x30, [sp, #0x140]
    0x1eaee2acc <+28>:  add    x29, sp, #0x140           ; =0x140 
    0x1eaee2ad0 <+32>:  ldr    x9, [x29, #0x20]
    0x1eaee2ad4 <+36>:  adrp   x8, 84201
    0x1eaee2ad8 <+40>:  ldrsw  x1, [x8, #0x9b8]
    0x1eaee2adc <+44>:  ldr    x25, [x0, x1]
    0x1eaee2ae0 <+48>:  ldr    w8, [x25, #0x3b4]
    0x1eaee2ae4 <+52>:  str    w8, [x25, #0x3b8]
    0x1eaee2ae8 <+56>:  ldr    q0, [x9]
    0x1eaee2aec <+60>:  ldr    x9, [x9, #0x10]
    0x1eaee2af0 <+64>:  str    x9, [sp, #0x80]
    0x1eaee2af4 <+68>:  str    q0, [sp, #0x70]
    0x1eaee2af8 <+72>:  ldr    x9, [x5, #0x10]
    0x1eaee2afc <+76>:  ldr    q0, [x5]
    0x1eaee2b00 <+80>:  str    q0, [sp, #0x50]
    0x1eaee2b04 <+84>:  str    x9, [sp, #0x60]
    0x1eaee2b08 <+88>:  ldr    x9, [x6, #0x10]
    0x1eaee2b0c <+92>:  ldr    q0, [x6]
    0x1eaee2b10 <+96>:  str    q0, [sp, #0x30]
    0x1eaee2b14 <+100>: str    x9, [sp, #0x40]
    0x1eaee2b18 <+104>: adrp   x9, 84201
    0x1eaee2b1c <+108>: ldrsw  x9, [x9, #0x900]
    0x1eaee2b20 <+112>: ldr    x13, [x2, x9]
->  0x1eaee2b24 <+116>: ldr    x14, [x7, x9]
```

I would like to run with validation, but #511 prevents me still.

**Comment by aentity** [comment]
i think i'm using to much memory, and bad memory problems come about other places; if happens more, i will reopen, thank you
